This is pdfTeX, Version 3.141592653-2.6-1.40.27 (MiKTeX 25.4) (preloaded format=pdflatex 2025.10.15)  15 DEC 2025 23:56
entering extended mode
 restricted \write18 enabled.
 file:line:error style messages enabled.
 %&-line parsing enabled.
**c:/Users/Abueloncho/Documents/proyectos/code/proyectosDocker/practicas/practica4/practica4.tex
(c:/Users/Abueloncho/Documents/proyectos/code/proyectosDocker/practicas/practica4/practica4.tex
LaTeX2e <2025-06-01> patch level 1
L3 programming layer <2025-09-02>
(C:\Users\Abueloncho\AppData\Local\Programs\MiKTeX\tex/latex/base\article.cls
Document Class: article 2025/01/22 v1.4n Standard LaTeX document class
(C:\Users\Abueloncho\AppData\Local\Programs\MiKTeX\tex/latex/base\size12.clo
File: size12.clo 2025/01/22 v1.4n Standard LaTeX file (size option)
)
\c@part=\count275
\c@section=\count276
\c@subsection=\count277
\c@subsubsection=\count278
\c@paragraph=\count279
\c@subparagraph=\count280
\c@figure=\count281
\c@table=\count282
\abovecaptionskip=\skip49
\belowcaptionskip=\skip50
\bibindent=\dimen148
) (C:\Users\Abueloncho\AppData\Local\Programs\MiKTeX\tex/latex/base\inputenc.sty
Package: inputenc 2024/02/08 v1.3d Input encoding file
\inpenc@prehook=\toks17
\inpenc@posthook=\toks18
) (C:\Users\Abueloncho\AppData\Local\Programs\MiKTeX\tex/generic/babel\babel.sty
Package: babel 2025/08/03 v25.12 The multilingual framework for LuaLaTeX, pdfLaTeX and XeLaTeX
\babel@savecnt=\count283
LaTeX Encoding Info:    Redeclaring text command \ij (encoding OT1) on input line 2045.
LaTeX Encoding Info:    Redeclaring text command \IJ (encoding OT1) on input line 2047.
LaTeX Encoding Info:    Redeclaring text command \ij (encoding T1) on input line 2049.
LaTeX Encoding Info:    Redeclaring text command \IJ (encoding T1) on input line 2050.
LaTeX Encoding Info:    Ignoring declaration for text command \ij (encoding ?) on input line 2051.
LaTeX Encoding Info:    Ignoring declaration for text command \IJ (encoding ?) on input line 2053.
LaTeX Encoding Info:    Ignoring declaration for text command \SS (encoding ?) on input line 2078.
\U@D=\dimen149
\l@unhyphenated=\language79
 (C:\Users\Abueloncho\AppData\Local\Programs\MiKTeX\tex/generic/babel\txtbabel.def)
\bbl@readstream=\read2
\bbl@dirlevel=\count284

*************************************
* Local config file bblopts.cfg used
*
(C:\Users\Abueloncho\AppData\Local\Programs\MiKTeX\tex/latex/arabi\bblopts.cfg
File: bblopts.cfg 2005/09/08 v0.1 add Arabic and Farsi to "declared" options of babel
) (C:\Users\Abueloncho\AppData\Local\Programs\MiKTeX\tex/latex/babel-spanish\spanish.ldf
Language: spanish.ldf 2021/05/27 v5.0q Spanish support from the babel system
 (C:\Users\Abueloncho\AppData\Local\Programs\MiKTeX\tex/generic/babel/locale/es\babel-spanish.tex
Package babel Info: Importing font and identification data for spanish
(babel)             from babel-es.ini. Reported on input line 12.
)
\es@quottoks=\toks19
\es@quotdepth=\count285
Package babel Info: Making " an active character on input line 570.
Package babel Info: Making . an active character on input line 675.
Package babel Info: Making < an active character on input line 722.
Package babel Info: Making > an active character on input line 722.
))
LaTeX Encoding Info:    Redeclaring text command \guillemotleft (encoding OT1) on input line 6.
LaTeX Encoding Info:    Redeclaring text command \guillemotright (encoding OT1) on input line 6.
 (C:\Users\Abueloncho\AppData\Local\Programs\MiKTeX\tex/latex/setspace\setspace.sty
Package: setspace 2022/12/04 v6.7b set line spacing
) (C:\Users\Abueloncho\AppData\Local\Programs\MiKTeX\tex/latex/graphics\graphicx.sty
Package: graphicx 2024/12/31 v1.2e Enhanced LaTeX Graphics (DPC,SPQR)
 (C:\Users\Abueloncho\AppData\Local\Programs\MiKTeX\tex/latex/graphics\keyval.sty
Package: keyval 2022/05/29 v1.15 key=value parser (DPC)
\KV@toks@=\toks20
) (C:\Users\Abueloncho\AppData\Local\Programs\MiKTeX\tex/latex/graphics\graphics.sty
Package: graphics 2024/08/06 v1.4g Standard LaTeX Graphics (DPC,SPQR)
 (C:\Users\Abueloncho\AppData\Local\Programs\MiKTeX\tex/latex/graphics\trig.sty
Package: trig 2023/12/02 v1.11 sin cos tan (DPC)
) (C:\Users\Abueloncho\AppData\Local\Programs\MiKTeX\tex/latex/graphics-cfg\graphics.cfg
File: graphics.cfg 2016/06/04 v1.11 sample graphics configuration
)
Package graphics Info: Driver file: pdftex.def on input line 106.
 (C:\Users\Abueloncho\AppData\Local\Programs\MiKTeX\tex/latex/graphics-def\pdftex.def
File: pdftex.def 2024/04/13 v1.2c Graphics/color driver for pdftex
))
\Gin@req@height=\dimen150
\Gin@req@width=\dimen151
) (C:\Users\Abueloncho\AppData\Local\Programs\MiKTeX\tex/latex/geometry\geometry.sty
Package: geometry 2020/01/02 v5.9 Page Geometry
 (C:\Users\Abueloncho\AppData\Local\Programs\MiKTeX\tex/generic/iftex\ifvtex.sty
Package: ifvtex 2019/10/25 v1.7 ifvtex legacy package. Use iftex instead.
 (C:\Users\Abueloncho\AppData\Local\Programs\MiKTeX\tex/generic/iftex\iftex.sty
Package: iftex 2024/12/12 v1.0g TeX engine tests
))
\Gm@cnth=\count286
\Gm@cntv=\count287
\c@Gm@tempcnt=\count288
\Gm@bindingoffset=\dimen152
\Gm@wd@mp=\dimen153
\Gm@odd@mp=\dimen154
\Gm@even@mp=\dimen155
\Gm@layoutwidth=\dimen156
\Gm@layoutheight=\dimen157
\Gm@layouthoffset=\dimen158
\Gm@layoutvoffset=\dimen159
\Gm@dimlist=\toks21
 (C:\Users\Abueloncho\AppData\Local\Programs\MiKTeX\tex/latex/geometry\geometry.cfg)) (C:\Users\Abueloncho\AppData\Local\Programs\MiKTeX\tex/latex/koma-script\scrextend.sty
Package: scrextend 2025/09/09 v3.48 KOMA-Script package (extend other classes with features of KOMA-Script classes)
 (C:\Users\Abueloncho\AppData\Local\Programs\MiKTeX\tex/latex/koma-script\scrkbase.sty
Package: scrkbase 2025/09/09 v3.48 KOMA-Script package (KOMA-Script-dependent basics and keyval usage)
 (C:\Users\Abueloncho\AppData\Local\Programs\MiKTeX\tex/latex/koma-script\scrbase.sty
Package: scrbase 2025/09/09 v3.48 KOMA-Script package (KOMA-Script-independent basics and keyval usage)
 (C:\Users\Abueloncho\AppData\Local\Programs\MiKTeX\tex/latex/koma-script\scrlfile.sty
Package: scrlfile 2025/09/09 v3.48 KOMA-Script package (file load hooks)
 (C:\Users\Abueloncho\AppData\Local\Programs\MiKTeX\tex/latex/koma-script\scrlfile-hook.sty
Package: scrlfile-hook 2025/09/09 v3.48 KOMA-Script package (using LaTeX hooks)
 (C:\Users\Abueloncho\AppData\Local\Programs\MiKTeX\tex/latex/koma-script\scrlogo.sty
Package: scrlogo 2025/09/09 v3.48 KOMA-Script package (logo)
)))
Applying: [2021/05/01] Usage of raw or classic option list on input line 254.
Already applied: [0000/00/00] Usage of raw or classic option list on input line 370.
))) (C:\Users\Abueloncho\AppData\Local\Programs\MiKTeX\tex/latex/tools\array.sty
Package: array 2025/06/08 v2.6j Tabular extension package (FMi)
\col@sep=\dimen160
\ar@mcellbox=\box53
\extrarowheight=\dimen161
\NC@list=\toks22
\extratabsurround=\skip51
\backup@length=\skip52
\ar@cellbox=\box54
) (C:\Users\Abueloncho\AppData\Local\Programs\MiKTeX\tex/latex/xcolor\xcolor.sty
Package: xcolor 2024/09/29 v3.02 LaTeX color extensions (UK)
 (C:\Users\Abueloncho\AppData\Local\Programs\MiKTeX\tex/latex/graphics-cfg\color.cfg
File: color.cfg 2016/01/02 v1.6 sample color configuration
)
Package xcolor Info: Driver file: pdftex.def on input line 274.
 (C:\Users\Abueloncho\AppData\Local\Programs\MiKTeX\tex/latex/graphics\mathcolor.ltx)
Package xcolor Info: Model `cmy' substituted by `cmy0' on input line 1349.
Package xcolor Info: Model `hsb' substituted by `rgb' on input line 1353.
Package xcolor Info: Model `RGB' extended on input line 1365.
Package xcolor Info: Model `HTML' substituted by `rgb' on input line 1367.
Package xcolor Info: Model `Hsb' substituted by `hsb' on input line 1368.
Package xcolor Info: Model `tHsb' substituted by `hsb' on input line 1369.
Package xcolor Info: Model `HSB' substituted by `hsb' on input line 1370.
Package xcolor Info: Model `Gray' substituted by `gray' on input line 1371.
Package xcolor Info: Model `wave' substituted by `hsb' on input line 1372.
) (C:\Users\Abueloncho\AppData\Local\Programs\MiKTeX\tex/latex/l3backend\l3backend-pdftex.def
File: l3backend-pdftex.def 2025-06-09 L3 backend support: PDF output (pdfTeX)
\l__color_backend_stack_int=\count289
) (practica4.aux
LaTeX Info: Redefining \. on input line 9.
LaTeX Info: Redefining \% on input line 9.
Package babel Info: 'spanish' activates 'spanish' shorthands.
(babel)             Reported on input line 9.
)
\openout1 = `practica4.aux'.

LaTeX Font Info:    Checking defaults for OML/cmm/m/it on input line 24.
LaTeX Font Info:    ... okay on input line 24.
LaTeX Font Info:    Checking defaults for OMS/cmsy/m/n on input line 24.
LaTeX Font Info:    ... okay on input line 24.
LaTeX Font Info:    Checking defaults for OT1/cmr/m/n on input line 24.
LaTeX Font Info:    ... okay on input line 24.
LaTeX Font Info:    Checking defaults for T1/cmr/m/n on input line 24.
LaTeX Font Info:    ... okay on input line 24.
LaTeX Font Info:    Checking defaults for TS1/cmr/m/n on input line 24.
LaTeX Font Info:    ... okay on input line 24.
LaTeX Font Info:    Checking defaults for OMX/cmex/m/n on input line 24.
LaTeX Font Info:    ... okay on input line 24.
LaTeX Font Info:    Checking defaults for U/cmr/m/n on input line 24.
LaTeX Font Info:    ... okay on input line 24.
LaTeX Info: Redefining \. on input line 24.
LaTeX Info: Redefining \% on input line 24.
 (C:\Users\Abueloncho\AppData\Local\Programs\MiKTeX\tex/context/base/mkii\supp-pdf.mkii
[Loading MPS to PDF converter (version 2006.09.02).]
\scratchcounter=\count290
\scratchdimen=\dimen162
\scratchbox=\box55
\nofMPsegments=\count291
\nofMParguments=\count292
\everyMPshowfont=\toks23
\MPscratchCnt=\count293
\MPscratchDim=\dimen163
\MPnumerator=\count294
\makeMPintoPDFobject=\count295
\everyMPtoPDFconversion=\toks24
) (C:\Users\Abueloncho\AppData\Local\Programs\MiKTeX\tex/latex/epstopdf-pkg\epstopdf-base.sty
Package: epstopdf-base 2020-01-24 v2.11 Base part for package epstopdf
Package epstopdf-base Info: Redefining graphics rule for `.eps' on input line 485.
 (C:\Users\Abueloncho\AppData\Local\Programs\MiKTeX\tex/latex/00miktex\epstopdf-sys.cfg
File: epstopdf-sys.cfg 2021/03/18 v2.0 Configuration of epstopdf for MiKTeX
))
*geometry* driver: auto-detecting
*geometry* detected driver: pdftex
*geometry* verbose mode - [ preamble ] result:
* driver: pdftex
* paper: a4paper
* layout: <same size as paper>
* layoutoffset:(h,v)=(0.0pt,0.0pt)
* modes: 
* h-part:(L,W,R)=(71.13188pt, 455.24411pt, 71.13188pt)
* v-part:(T,H,B)=(71.13188pt, 702.78308pt, 71.13188pt)
* \paperwidth=597.50787pt
* \paperheight=845.04684pt
* \textwidth=455.24411pt
* \textheight=702.78308pt
* \oddsidemargin=-1.1381pt
* \evensidemargin=-1.1381pt
* \topmargin=-38.1381pt
* \headheight=12.0pt
* \headsep=25.0pt
* \topskip=12.0pt
* \footskip=30.0pt
* \marginparwidth=35.0pt
* \marginparsep=10.0pt
* \columnsep=10.0pt
* \skip\footins=10.8pt plus 4.0pt minus 2.0pt
* \hoffset=0.0pt
* \voffset=0.0pt
* \mag=1000
* \@twocolumnfalse
* \@twosidefalse
* \@mparswitchfalse
* \@reversemarginfalse
* (1in=72.27pt=25.4mm, 1cm=28.453pt)

LaTeX Font Info:    External font `cmex10' loaded for size
(Font)              <14.4> on input line 25.
LaTeX Font Info:    External font `cmex10' loaded for size
(Font)              <7> on input line 25.


[1

{C:/Users/Abueloncho/AppData/Local/MiKTeX/fonts/map/pdftex/pdftex.map}]
Underfull \hbox (badness 10000) in paragraph at lines 28--29

 []

(practica4.toc
LaTeX Info: Redefining \. on input line 1.
LaTeX Info: Redefining \% on input line 1.
)
\tf@toc=\write3
\openout3 = `practica4.toc'.



[1]
Underfull \hbox (badness 10000) in paragraph at lines 34--38

 []


Underfull \hbox (badness 10000) in paragraph at lines 39--40

 []


Underfull \hbox (badness 10000) in paragraph at lines 41--42

 []


Underfull \hbox (badness 10000) in paragraph at lines 51--55

 []



[2]
Underfull \hbox (badness 10000) in paragraph at lines 58--59

 []



[3]
<./capturas/ScreenShot_1.png, id=18, 562.35094pt x 661.72218pt>
File: ./capturas/ScreenShot_1.png Graphic file (type png)
<use ./capturas/ScreenShot_1.png>
Package pdftex.def Info: ./capturas/ScreenShot_1.png  used on input line 72.
(pdftex.def)             Requested size: 409.71692pt x 482.11415pt.


[4 <./capturas/ScreenShot_1.png>]
<./capturas/ScreenShot_2.png, id=24, 493.845pt x 491.58656pt>
File: ./capturas/ScreenShot_2.png Graphic file (type png)
<use ./capturas/ScreenShot_2.png>
Package pdftex.def Info: ./capturas/ScreenShot_2.png  used on input line 79.
(pdftex.def)             Requested size: 409.71692pt x 407.83672pt.


[5 <./capturas/ScreenShot_2.png>]
<./capturas/ScreenShot_3.png, id=29, 508.90125pt x 418.56375pt>
File: ./capturas/ScreenShot_3.png Graphic file (type png)
<use ./capturas/ScreenShot_3.png>
Package pdftex.def Info: ./capturas/ScreenShot_3.png  used on input line 87.
(pdftex.def)             Requested size: 409.71692pt x 336.99739pt.

Underfull \hbox (badness 10000) in paragraph at lines 84--90

 []


Underfull \hbox (badness 10000) in paragraph at lines 91--93

 []



[6 <./capturas/ScreenShot_3.png>]
<./capturas/ScreenShot_4.png, id=35, 717.43031pt x 361.35pt>
File: ./capturas/ScreenShot_4.png Graphic file (type png)
<use ./capturas/ScreenShot_4.png>
Package pdftex.def Info: ./capturas/ScreenShot_4.png  used on input line 99.
(pdftex.def)             Requested size: 455.24411pt x 229.30031pt.
<./capturas/ScreenShot_5.png, id=36, 713.66624pt x 363.60844pt>
File: ./capturas/ScreenShot_5.png Graphic file (type png)
<use ./capturas/ScreenShot_5.png>
Package pdftex.def Info: ./capturas/ScreenShot_5.png  used on input line 105.
(pdftex.def)             Requested size: 455.24411pt x 231.94295pt.

Underfull \hbox (badness 10000) in paragraph at lines 102--108

 []



[7 <./capturas/ScreenShot_4.png> <./capturas/ScreenShot_5.png>]
<./capturas/ScreenShot_6.png, id=42, 719.68875pt x 697.8572pt>
File: ./capturas/ScreenShot_6.png Graphic file (type png)
<use ./capturas/ScreenShot_6.png>
Package pdftex.def Info: ./capturas/ScreenShot_6.png  used on input line 112.
(pdftex.def)             Requested size: 455.24411pt x 441.45193pt.


[8 <./capturas/ScreenShot_6.png>]
<./capturas/ScreenShot_7.png, id=47, 714.41907pt x 687.31781pt>
File: ./capturas/ScreenShot_7.png Graphic file (type png)
<use ./capturas/ScreenShot_7.png>
Package pdftex.def Info: ./capturas/ScreenShot_7.png  used on input line 119.
(pdftex.def)             Requested size: 455.24411pt x 437.97314pt.


[9 <./capturas/ScreenShot_7.png>]

[10]
<./capturas/ScreenShot_8.png, id=56, 637.63219pt x 619.56468pt>
File: ./capturas/ScreenShot_8.png Graphic file (type png)
<use ./capturas/ScreenShot_8.png>
Package pdftex.def Info: ./capturas/ScreenShot_8.png  used on input line 152.
(pdftex.def)             Requested size: 455.24411pt x 442.34253pt.


[11 <./capturas/ScreenShot_8.png>]
<./capturas/ScreenShot_9.png, id=61, 703.87968pt x 433.62pt>
File: ./capturas/ScreenShot_9.png Graphic file (type png)
<use ./capturas/ScreenShot_9.png>
Package pdftex.def Info: ./capturas/ScreenShot_9.png  used on input line 160.
(pdftex.def)             Requested size: 455.24411pt x 280.44696pt.


[12 <./capturas/ScreenShot_9.png>]
<./capturas/ScreenShot_10.png, id=67, 719.68875pt x 491.58656pt>
File: ./capturas/ScreenShot_10.png Graphic file (type png)
<use ./capturas/ScreenShot_10.png>
Package pdftex.def Info: ./capturas/ScreenShot_10.png  used on input line 168.
(pdftex.def)             Requested size: 455.24411pt x 310.96884pt.


[13 <./capturas/ScreenShot_10.png>]
<./capturas/ScreenShot_11.png, id=72, 427.5975pt x 151.3153pt>
File: ./capturas/ScreenShot_11.png Graphic file (type png)
<use ./capturas/ScreenShot_11.png>
Package pdftex.def Info: ./capturas/ScreenShot_11.png  used on input line 176.
(pdftex.def)             Requested size: 409.71692pt x 144.98859pt.
<./capturas/ScreenShot_12.png, id=73, 695.59875pt x 170.88844pt>
File: ./capturas/ScreenShot_12.png Graphic file (type png)
<use ./capturas/ScreenShot_12.png>
Package pdftex.def Info: ./capturas/ScreenShot_12.png  used on input line 182.
(pdftex.def)             Requested size: 455.24411pt x 111.84016pt.

Underfull \hbox (badness 10000) in paragraph at lines 173--185

 []


Underfull \hbox (badness 10000) in paragraph at lines 173--185

 []



[14 <./capturas/ScreenShot_11.png> <./capturas/ScreenShot_12.png>]
<./capturas/ScreenShot_13.png, id=79, 611.28375pt x 648.17157pt>
File: ./capturas/ScreenShot_13.png Graphic file (type png)
<use ./capturas/ScreenShot_13.png>
Package pdftex.def Info: ./capturas/ScreenShot_13.png  used on input line 190.
(pdftex.def)             Requested size: 455.24411pt x 482.71533pt.


[15 <./capturas/ScreenShot_13.png>]
<./capturas/ScreenShot_14.png, id=84, 585.68813pt x 585.68813pt>
File: ./capturas/ScreenShot_14.png Graphic file (type png)
<use ./capturas/ScreenShot_14.png>
Package pdftex.def Info: ./capturas/ScreenShot_14.png  used on input line 198.
(pdftex.def)             Requested size: 455.24411pt x 455.26201pt.

Underfull \hbox (badness 10000) in paragraph at lines 195--203

 []



[16 <./capturas/ScreenShot_14.png>]
<./capturas/ScreenShot_15.png, id=89, 714.41907pt x 411.78844pt>
File: ./capturas/ScreenShot_15.png Graphic file (type png)
<use ./capturas/ScreenShot_15.png>
Package pdftex.def Info: ./capturas/ScreenShot_15.png  used on input line 209.
(pdftex.def)             Requested size: 455.24411pt x 262.40012pt.
<./capturas/ScreenShot_16.png, id=90, 715.92468pt x 489.32813pt>
File: ./capturas/ScreenShot_16.png Graphic file (type png)
<use ./capturas/ScreenShot_16.png>
Package pdftex.def Info: ./capturas/ScreenShot_16.png  used on input line 214.
(pdftex.def)             Requested size: 455.24411pt x 311.16043pt.


[17 <./capturas/ScreenShot_15.png> <./capturas/ScreenShot_16.png>]
<./capturas/ScreenShot_17.png, id=96, 718.18312pt x 318.43968pt>
File: ./capturas/ScreenShot_17.png Graphic file (type png)
<use ./capturas/ScreenShot_17.png>
Package pdftex.def Info: ./capturas/ScreenShot_17.png  used on input line 221.
(pdftex.def)             Requested size: 455.24411pt x 201.8571pt.
<./capturas/ScreenShot_18.png, id=97, 715.17188pt x 346.29375pt>
File: ./capturas/ScreenShot_18.png Graphic file (type png)
<use ./capturas/ScreenShot_18.png>
Package pdftex.def Info: ./capturas/ScreenShot_18.png  used on input line 227.
(pdftex.def)             Requested size: 455.24411pt x 220.43304pt.

Underfull \hbox (badness 10000) in paragraph at lines 224--230

 []



[18 <./capturas/ScreenShot_17.png> <./capturas/ScreenShot_18.png>]
<./capturas/ScreenShot_19.png, id=104, 712.16063pt x 395.22656pt>
File: ./capturas/ScreenShot_19.png Graphic file (type png)
<use ./capturas/ScreenShot_19.png>
Package pdftex.def Info: ./capturas/ScreenShot_19.png  used on input line 234.
(pdftex.def)             Requested size: 455.24411pt x 252.6426pt.
<./capturas/ScreenShot_20.png, id=105, 714.41907pt x 294.34969pt>
File: ./capturas/ScreenShot_20.png Graphic file (type png)
<use ./capturas/ScreenShot_20.png>
Package pdftex.def Info: ./capturas/ScreenShot_20.png  used on input line 240.
(pdftex.def)             Requested size: 455.24411pt x 187.5657pt.

Underfull \hbox (badness 10000) in paragraph at lines 237--243

 []



[19 <./capturas/ScreenShot_19.png> <./capturas/ScreenShot_20.png>]
<./capturas/ScreenShot_21.png, id=111, 715.17188pt x 428.35031pt>
File: ./capturas/ScreenShot_21.png Graphic file (type png)
<use ./capturas/ScreenShot_21.png>
Package pdftex.def Info: ./capturas/ScreenShot_21.png  used on input line 248.
(pdftex.def)             Requested size: 455.24411pt x 272.6661pt.

Underfull \hbox (badness 10000) in paragraph at lines 245--251

 []


Underfull \hbox (badness 10000) in paragraph at lines 245--251

 []



[20 <./capturas/ScreenShot_21.png>]
<./capturas/ScreenShot_22.png, id=116, 713.66624pt x 291.33844pt>
File: ./capturas/ScreenShot_22.png Graphic file (type png)
<use ./capturas/ScreenShot_22.png>
Package pdftex.def Info: ./capturas/ScreenShot_22.png  used on input line 256.
(pdftex.def)             Requested size: 455.24411pt x 185.84248pt.
<./capturas/ScreenShot_23.png, id=117, 716.6775pt x 261.22594pt>
File: ./capturas/ScreenShot_23.png Graphic file (type png)
<use ./capturas/ScreenShot_23.png>
Package pdftex.def Info: ./capturas/ScreenShot_23.png  used on input line 262.
(pdftex.def)             Requested size: 455.24411pt x 165.9364pt.

Underfull \hbox (badness 10000) in paragraph at lines 253--265

 []



[21 <./capturas/ScreenShot_22.png> <./capturas/ScreenShot_23.png>]
LaTeX Font Info:    External font `cmex10' loaded for size
(Font)              <12> on input line 285.
LaTeX Font Info:    External font `cmex10' loaded for size
(Font)              <8> on input line 285.
LaTeX Font Info:    External font `cmex10' loaded for size
(Font)              <6> on input line 285.


[22]
<./capturas/ScreenShot_24.png, id=127, 709.90219pt x 450.18187pt>
File: ./capturas/ScreenShot_24.png Graphic file (type png)
<use ./capturas/ScreenShot_24.png>
Package pdftex.def Info: ./capturas/ScreenShot_24.png  used on input line 297.
(pdftex.def)             Requested size: 455.24411pt x 288.6993pt.

Underfull \hbox (badness 10000) in paragraph at lines 294--300

 []



[23 <./capturas/ScreenShot_24.png>]
<./capturas/ScreenShot_25.png, id=132, 704.6325pt x 434.37282pt>
File: ./capturas/ScreenShot_25.png Graphic file (type png)
<use ./capturas/ScreenShot_25.png>
Package pdftex.def Info: ./capturas/ScreenShot_25.png  used on input line 305.
(pdftex.def)             Requested size: 455.24411pt x 280.63559pt.

Underfull \hbox (badness 10000) in paragraph at lines 302--308

 []



[24 <./capturas/ScreenShot_25.png>]
<./capturas/ScreenShot_26.png, id=138, 653.44125pt x 271.76532pt>
File: ./capturas/ScreenShot_26.png Graphic file (type png)
<use ./capturas/ScreenShot_26.png>
Package pdftex.def Info: ./capturas/ScreenShot_26.png  used on input line 312.
(pdftex.def)             Requested size: 455.24411pt x 189.33456pt.
<./capturas/ScreenShot_27.png, id=139, 243.15843pt x 151.3153pt>
File: ./capturas/ScreenShot_27.png Graphic file (type png)
<use ./capturas/ScreenShot_27.png>
Package pdftex.def Info: ./capturas/ScreenShot_27.png  used on input line 317.
(pdftex.def)             Requested size: 243.15784pt x 151.31493pt.
<./capturas/ScreenShot_28.png, id=140, 618.05907pt x 178.41656pt>
File: ./capturas/ScreenShot_28.png Graphic file (type png)
<use ./capturas/ScreenShot_28.png>
Package pdftex.def Info: ./capturas/ScreenShot_28.png  used on input line 322.
(pdftex.def)             Requested size: 455.24411pt x 131.4218pt.


[25 <./capturas/ScreenShot_26.png> <./capturas/ScreenShot_27.png> <./capturas/ScreenShot_28.png>]
<./capturas/ScreenShot_29.png, id=147, 636.87938pt x 502.12593pt>
File: ./capturas/ScreenShot_29.png Graphic file (type png)
<use ./capturas/ScreenShot_29.png>
Package pdftex.def Info: ./capturas/ScreenShot_29.png  used on input line 330.
(pdftex.def)             Requested size: 455.24411pt x 358.91772pt.

Underfull \hbox (badness 10000) in paragraph at lines 327--333

 []



[26 <./capturas/ScreenShot_29.png>]
<./capturas/ScreenShot_30.png, id=152, 446.41782pt x 616.55344pt>
File: ./capturas/ScreenShot_30.png Graphic file (type png)
<use ./capturas/ScreenShot_30.png>
Package pdftex.def Info: ./capturas/ScreenShot_30.png  used on input line 337.
(pdftex.def)             Requested size: 455.24411pt x 628.75388pt.


[27 <./capturas/ScreenShot_30.png>]
<./capturas/ScreenShot_31.png, id=157, 763.35187pt x 513.41812pt>
File: ./capturas/ScreenShot_31.png Graphic file (type png)
<use ./capturas/ScreenShot_31.png>
Package pdftex.def Info: ./capturas/ScreenShot_31.png  used on input line 345.
(pdftex.def)             Requested size: 455.24411pt x 306.18872pt.

Underfull \hbox (badness 10000) in paragraph at lines 342--348

 []


Underfull \hbox (badness 10000) in paragraph at lines 349--350

 []



[28 <./capturas/ScreenShot_31.png>]
<./capturas/ScreenShot_32.png, id=162, 718.93594pt x 294.34969pt>
File: ./capturas/ScreenShot_32.png Graphic file (type png)
<use ./capturas/ScreenShot_32.png>
Package pdftex.def Info: ./capturas/ScreenShot_32.png  used on input line 354.
(pdftex.def)             Requested size: 455.24411pt x 186.39345pt.
<./capturas/ScreenShot_33.png, id=163, 716.6775pt x 264.23718pt>
File: ./capturas/ScreenShot_33.png Graphic file (type png)
<use ./capturas/ScreenShot_33.png>
Package pdftex.def Info: ./capturas/ScreenShot_33.png  used on input line 359.
(pdftex.def)             Requested size: 455.24411pt x 167.84921pt.
<./capturas/ScreenShot_34.png, id=164, 715.92468pt x 241.65282pt>
File: ./capturas/ScreenShot_34.png Graphic file (type png)
<use ./capturas/ScreenShot_34.png>
Package pdftex.def Info: ./capturas/ScreenShot_34.png  used on input line 364.
(pdftex.def)             Requested size: 455.24411pt x 153.66537pt.


[29 <./capturas/ScreenShot_32.png> <./capturas/ScreenShot_33.png> <./capturas/ScreenShot_34.png>]
<./capturas/ScreenShot_35.png, id=171, 712.91344pt x 292.84406pt>
File: ./capturas/ScreenShot_35.png Graphic file (type png)
<use ./capturas/ScreenShot_35.png>
Package pdftex.def Info: ./capturas/ScreenShot_35.png  used on input line 372.
(pdftex.def)             Requested size: 455.24411pt x 186.99951pt.
<./capturas/ScreenShot_36.png, id=172, 717.43031pt x 236.38312pt>
File: ./capturas/ScreenShot_36.png Graphic file (type png)
<use ./capturas/ScreenShot_36.png>
Package pdftex.def Info: ./capturas/ScreenShot_36.png  used on input line 378.
(pdftex.def)             Requested size: 455.24411pt x 150.00061pt.

Underfull \hbox (badness 10000) in paragraph at lines 369--381

 []



[30 <./capturas/ScreenShot_35.png> <./capturas/ScreenShot_36.png>]

[31]
<./capturas/ScreenShot_37.png, id=182, 660.96938pt x 401.24907pt>
File: ./capturas/ScreenShot_37.png Graphic file (type png)
<use ./capturas/ScreenShot_37.png>
Package pdftex.def Info: ./capturas/ScreenShot_37.png  used on input line 413.
(pdftex.def)             Requested size: 455.24411pt x 276.37234pt.
<./capturas/ScreenShot_38.png, id=183, 644.4075pt x 381.67593pt>
File: ./capturas/ScreenShot_38.png Graphic file (type png)
<use ./capturas/ScreenShot_38.png>
Package pdftex.def Info: ./capturas/ScreenShot_38.png  used on input line 419.
(pdftex.def)             Requested size: 455.24411pt x 269.64648pt.


[32 <./capturas/ScreenShot_37.png> <./capturas/ScreenShot_38.png>]
<./capturas/ScreenShot_39.png, id=189, 587.94656pt x 251.43938pt>
File: ./capturas/ScreenShot_39.png Graphic file (type png)
<use ./capturas/ScreenShot_39.png>
Package pdftex.def Info: ./capturas/ScreenShot_39.png  used on input line 427.
(pdftex.def)             Requested size: 455.24411pt x 194.687pt.
<./capturas/ScreenShot_40.png, id=190, 817.55438pt x 332.74312pt>
File: ./capturas/ScreenShot_40.png Graphic file (type png)
<use ./capturas/ScreenShot_40.png>
Package pdftex.def Info: ./capturas/ScreenShot_40.png  used on input line 433.
(pdftex.def)             Requested size: 455.24411pt x 185.28387pt.

Underfull \hbox (badness 10000) in paragraph at lines 424--436

 []



[33 <./capturas/ScreenShot_39.png> <./capturas/ScreenShot_40.png>]
<./capturas/ScreenShot_41.png, id=196, 229.60782pt x 165.61874pt>
File: ./capturas/ScreenShot_41.png Graphic file (type png)
<use ./capturas/ScreenShot_41.png>
Package pdftex.def Info: ./capturas/ScreenShot_41.png  used on input line 441.
(pdftex.def)             Requested size: 229.60725pt x 165.61833pt.
<./capturas/ScreenShot_42.png, id=197, 653.44125pt x 206.27063pt>
File: ./capturas/ScreenShot_42.png Graphic file (type png)
<use ./capturas/ScreenShot_42.png>
Package pdftex.def Info: ./capturas/ScreenShot_42.png  used on input line 447.
(pdftex.def)             Requested size: 455.24411pt x 143.70544pt.

Underfull \hbox (badness 10000) in paragraph at lines 438--450

 []



[34 <./capturas/ScreenShot_41.png> <./capturas/ScreenShot_42.png>]
<./capturas/ScreenShot_43.png, id=203, 640.64343pt x 517.935pt>
File: ./capturas/ScreenShot_43.png Graphic file (type png)
<use ./capturas/ScreenShot_43.png>
Package pdftex.def Info: ./capturas/ScreenShot_43.png  used on input line 455.
(pdftex.def)             Requested size: 455.24411pt x 368.05254pt.


[35 <./capturas/ScreenShot_43.png>]
<./capturas/ScreenShot_44.png, id=208, 417.81094pt x 592.46344pt>
File: ./capturas/ScreenShot_44.png Graphic file (type png)
<use ./capturas/ScreenShot_44.png>
Package pdftex.def Info: ./capturas/ScreenShot_44.png  used on input line 462.
(pdftex.def)             Requested size: 417.80992pt x 592.46199pt.


[36 <./capturas/ScreenShot_44.png>]
<./capturas/ScreenShot_45.png, id=214, 469.00218pt x 437.38406pt>
File: ./capturas/ScreenShot_45.png Graphic file (type png)
<use ./capturas/ScreenShot_45.png>
Package pdftex.def Info: ./capturas/ScreenShot_45.png  used on input line 470.
(pdftex.def)             Requested size: 469.00104pt x 437.38298pt.

Overfull \hbox (13.75693pt too wide) in paragraph at lines 470--471
 [][] 
 []



[37 <./capturas/ScreenShot_45.png>]
<./capturas/ScreenShot_46.png, id=219, 803.25093pt x 393.72093pt>
File: ./capturas/ScreenShot_46.png Graphic file (type png)
<use ./capturas/ScreenShot_46.png>
Package pdftex.def Info: ./capturas/ScreenShot_46.png  used on input line 478.
(pdftex.def)             Requested size: 455.24411pt x 223.14963pt.

Underfull \hbox (badness 10000) in paragraph at lines 475--482

 []



[38 <./capturas/ScreenShot_46.png>]
<./capturas/ScreenShot_47.png, id=224, 718.18312pt x 213.79875pt>
File: ./capturas/ScreenShot_47.png Graphic file (type png)
<use ./capturas/ScreenShot_47.png>
Package pdftex.def Info: ./capturas/ScreenShot_47.png  used on input line 486.
(pdftex.def)             Requested size: 455.24411pt x 135.5258pt.
<./capturas/ScreenShot_48.png, id=225, 715.17188pt x 249.18094pt>
File: ./capturas/ScreenShot_48.png Graphic file (type png)
<use ./capturas/ScreenShot_48.png>
Package pdftex.def Info: ./capturas/ScreenShot_48.png  used on input line 491.
(pdftex.def)             Requested size: 455.24411pt x 158.61595pt.

Underfull \hbox (badness 10000) in paragraph at lines 488--493

 []



[39 <./capturas/ScreenShot_47.png> <./capturas/ScreenShot_48.png>]
<./capturas/ScreenShot_49.png, id=231, 711.4078pt x 244.66406pt>
File: ./capturas/ScreenShot_49.png Graphic file (type png)
<use ./capturas/ScreenShot_49.png>
Package pdftex.def Info: ./capturas/ScreenShot_49.png  used on input line 497.
(pdftex.def)             Requested size: 455.24411pt x 156.56952pt.
<./capturas/ScreenShot_50.png, id=232, 714.41907pt x 257.46187pt>
File: ./capturas/ScreenShot_50.png Graphic file (type png)
<use ./capturas/ScreenShot_50.png>
Package pdftex.def Info: ./capturas/ScreenShot_50.png  used on input line 502.
(pdftex.def)             Requested size: 455.24411pt x 164.06003pt.

Underfull \hbox (badness 10000) in paragraph at lines 499--504

 []



[40 <./capturas/ScreenShot_49.png> <./capturas/ScreenShot_50.png>] (practica4.aux
LaTeX Info: Redefining \. on input line 9.
LaTeX Info: Redefining \% on input line 9.
)
 ***********
LaTeX2e <2025-06-01> patch level 1
L3 programming layer <2025-09-02>
 ***********
 ) 
Here is how much of TeX's memory you used:
 5319 strings out of 468130
 98102 string characters out of 5428212
 536138 words of memory out of 5000000
 33900 multiletter control sequences out of 15000+600000
 632677 words of font info for 59 fonts, out of 8000000 for 9000
 1141 hyphenation exceptions out of 8191
 108i,7n,107p,369b,365s stack positions out of 10000i,1000n,20000p,200000b,200000s
 <C:\Users\Abueloncho\AppData\Local\MiKTeX\fonts/pk/ljfour/jknappen/ec/dpi600\tcrm1200.pk><C:/Users/Abueloncho/AppData/Local/Programs/MiKTeX/fonts/type1/public/amsfonts/cm/cmbx12.pfb><C:/Users/Abueloncho/AppData/Local/Programs/MiKTeX/fonts/type1/public/amsfonts/cm/cmr12.pfb><C:/Users/Abueloncho/AppData/Local/Programs/MiKTeX/fonts/type1/public/amsfonts/cm/cmr17.pfb><C:/Users/Abueloncho/AppData/Local/Programs/MiKTeX/fonts/type1/public/amsfonts/cm/cmsy10.pfb><C:/Users/Abueloncho/AppData/Local/Programs/MiKTeX/fonts/type1/public/amsfonts/cm/cmti12.pfb>
Output written on practica4.pdf (41 pages, 1282603 bytes).
PDF statistics:
 266 PDF objects out of 1000 (max. 8388607)
 0 named destinations out of 1000 (max. 500000)
 251 words of extra memory for PDF output out of 10000 (max. 10000000)

