This is pdfTeX, Version 3.141592653-2.6-1.40.27 (MiKTeX 25.4) (preloaded format=pdflatex 2025.9.26)  30 JAN 2026 17:31
entering extended mode
 restricted \write18 enabled.
 file:line:error style messages enabled.
 %&-line parsing enabled.
**c:/Users/cristianf/Documents/proyectos/code/proyectosDocker/practicas/practica5/practica5.tex
(c:/Users/cristianf/Documents/proyectos/code/proyectosDocker/practicas/practica5/practica5.tex
LaTeX2e <2025-06-01> patch level 1
L3 programming layer <2025-09-02>
(C:\Users\cristianf\AppData\Local\Programs\MiKTeX\tex/latex/base\article.cls
Document Class: article 2025/01/22 v1.4n Standard LaTeX document class
(C:\Users\cristianf\AppData\Local\Programs\MiKTeX\tex/latex/base\size12.clo
File: size12.clo 2025/01/22 v1.4n Standard LaTeX file (size option)
)
\c@part=\count275
\c@section=\count276
\c@subsection=\count277
\c@subsubsection=\count278
\c@paragraph=\count279
\c@subparagraph=\count280
\c@figure=\count281
\c@table=\count282
\abovecaptionskip=\skip49
\belowcaptionskip=\skip50
\bibindent=\dimen148
) (C:\Users\cristianf\AppData\Local\Programs\MiKTeX\tex/latex/base\inputenc.sty
Package: inputenc 2024/02/08 v1.3d Input encoding file
\inpenc@prehook=\toks17
\inpenc@posthook=\toks18
) (C:\Users\cristianf\AppData\Local\Programs\MiKTeX\tex/generic/babel\babel.sty
Package: babel 2025/08/03 v25.12 The multilingual framework for LuaLaTeX, pdfLaTeX and XeLaTeX
\babel@savecnt=\count283
LaTeX Encoding Info:    Redeclaring text command \ij (encoding OT1) on input line 2045.
LaTeX Encoding Info:    Redeclaring text command \IJ (encoding OT1) on input line 2047.
LaTeX Encoding Info:    Redeclaring text command \ij (encoding T1) on input line 2049.
LaTeX Encoding Info:    Redeclaring text command \IJ (encoding T1) on input line 2050.
LaTeX Encoding Info:    Ignoring declaration for text command \ij (encoding ?) on input line 2051.
LaTeX Encoding Info:    Ignoring declaration for text command \IJ (encoding ?) on input line 2053.
LaTeX Encoding Info:    Ignoring declaration for text command \SS (encoding ?) on input line 2078.
\U@D=\dimen149
\l@unhyphenated=\language79
 (C:\Users\cristianf\AppData\Local\Programs\MiKTeX\tex/generic/babel\txtbabel.def)
\bbl@readstream=\read2
\bbl@dirlevel=\count284

*************************************
* Local config file bblopts.cfg used
*
(C:\Users\cristianf\AppData\Local\Programs\MiKTeX\tex/latex/arabi\bblopts.cfg
File: bblopts.cfg 2005/09/08 v0.1 add Arabic and Farsi to "declared" options of babel
) (C:\Users\cristianf\AppData\Local\Programs\MiKTeX\tex/latex/babel-spanish\spanish.ldf
Language: spanish.ldf 2021/05/27 v5.0q Spanish support from the babel system
 (C:\Users\cristianf\AppData\Local\Programs\MiKTeX\tex/generic/babel/locale/es\babel-spanish.tex
Package babel Info: Importing font and identification data for spanish
(babel)             from babel-es.ini. Reported on input line 12.
)
\es@quottoks=\toks19
\es@quotdepth=\count285
Package babel Info: Making " an active character on input line 570.
Package babel Info: Making . an active character on input line 675.
Package babel Info: Making < an active character on input line 722.
Package babel Info: Making > an active character on input line 722.
))
LaTeX Encoding Info:    Redeclaring text command \guillemotleft (encoding OT1) on input line 6.
LaTeX Encoding Info:    Redeclaring text command \guillemotright (encoding OT1) on input line 6.
 (C:\Users\cristianf\AppData\Local\Programs\MiKTeX\tex/latex/setspace\setspace.sty
Package: setspace 2022/12/04 v6.7b set line spacing
) (C:\Users\cristianf\AppData\Local\Programs\MiKTeX\tex/latex/graphics\graphicx.sty
Package: graphicx 2024/12/31 v1.2e Enhanced LaTeX Graphics (DPC,SPQR)
 (C:\Users\cristianf\AppData\Local\Programs\MiKTeX\tex/latex/graphics\keyval.sty
Package: keyval 2022/05/29 v1.15 key=value parser (DPC)
\KV@toks@=\toks20
) (C:\Users\cristianf\AppData\Local\Programs\MiKTeX\tex/latex/graphics\graphics.sty
Package: graphics 2024/08/06 v1.4g Standard LaTeX Graphics (DPC,SPQR)
 (C:\Users\cristianf\AppData\Local\Programs\MiKTeX\tex/latex/graphics\trig.sty
Package: trig 2023/12/02 v1.11 sin cos tan (DPC)
) (C:\Users\cristianf\AppData\Local\Programs\MiKTeX\tex/latex/graphics-cfg\graphics.cfg
File: graphics.cfg 2016/06/04 v1.11 sample graphics configuration
)
Package graphics Info: Driver file: pdftex.def on input line 106.
 (C:\Users\cristianf\AppData\Local\Programs\MiKTeX\tex/latex/graphics-def\pdftex.def
File: pdftex.def 2024/04/13 v1.2c Graphics/color driver for pdftex
))
\Gin@req@height=\dimen150
\Gin@req@width=\dimen151
) (C:\Users\cristianf\AppData\Local\Programs\MiKTeX\tex/latex/geometry\geometry.sty
Package: geometry 2020/01/02 v5.9 Page Geometry
 (C:\Users\cristianf\AppData\Local\Programs\MiKTeX\tex/generic/iftex\ifvtex.sty
Package: ifvtex 2019/10/25 v1.7 ifvtex legacy package. Use iftex instead.
 (C:\Users\cristianf\AppData\Local\Programs\MiKTeX\tex/generic/iftex\iftex.sty
Package: iftex 2024/12/12 v1.0g TeX engine tests
))
\Gm@cnth=\count286
\Gm@cntv=\count287
\c@Gm@tempcnt=\count288
\Gm@bindingoffset=\dimen152
\Gm@wd@mp=\dimen153
\Gm@odd@mp=\dimen154
\Gm@even@mp=\dimen155
\Gm@layoutwidth=\dimen156
\Gm@layoutheight=\dimen157
\Gm@layouthoffset=\dimen158
\Gm@layoutvoffset=\dimen159
\Gm@dimlist=\toks21
 (C:\Users\cristianf\AppData\Local\Programs\MiKTeX\tex/latex/geometry\geometry.cfg)) (C:\Users\cristianf\AppData\Local\Programs\MiKTeX\tex/latex/koma-script\scrextend.sty
Package: scrextend 2025/09/09 v3.48 KOMA-Script package (extend other classes with features of KOMA-Script classes)
 (C:\Users\cristianf\AppData\Local\Programs\MiKTeX\tex/latex/koma-script\scrkbase.sty
Package: scrkbase 2025/09/09 v3.48 KOMA-Script package (KOMA-Script-dependent basics and keyval usage)
 (C:\Users\cristianf\AppData\Local\Programs\MiKTeX\tex/latex/koma-script\scrbase.sty
Package: scrbase 2025/09/09 v3.48 KOMA-Script package (KOMA-Script-independent basics and keyval usage)
 (C:\Users\cristianf\AppData\Local\Programs\MiKTeX\tex/latex/koma-script\scrlfile.sty
Package: scrlfile 2025/09/09 v3.48 KOMA-Script package (file load hooks)
 (C:\Users\cristianf\AppData\Local\Programs\MiKTeX\tex/latex/koma-script\scrlfile-hook.sty
Package: scrlfile-hook 2025/09/09 v3.48 KOMA-Script package (using LaTeX hooks)
 (C:\Users\cristianf\AppData\Local\Programs\MiKTeX\tex/latex/koma-script\scrlogo.sty
Package: scrlogo 2025/09/09 v3.48 KOMA-Script package (logo)
)))
Applying: [2021/05/01] Usage of raw or classic option list on input line 254.
Already applied: [0000/00/00] Usage of raw or classic option list on input line 370.
))) (C:\Users\cristianf\AppData\Local\Programs\MiKTeX\tex/latex/tools\array.sty
Package: array 2025/06/08 v2.6j Tabular extension package (FMi)
\col@sep=\dimen160
\ar@mcellbox=\box53
\extrarowheight=\dimen161
\NC@list=\toks22
\extratabsurround=\skip51
\backup@length=\skip52
\ar@cellbox=\box54
) (C:\Users\cristianf\AppData\Local\Programs\MiKTeX\tex/latex/xcolor\xcolor.sty
Package: xcolor 2024/09/29 v3.02 LaTeX color extensions (UK)
 (C:\Users\cristianf\AppData\Local\Programs\MiKTeX\tex/latex/graphics-cfg\color.cfg
File: color.cfg 2016/01/02 v1.6 sample color configuration
)
Package xcolor Info: Driver file: pdftex.def on input line 274.
 (C:\Users\cristianf\AppData\Local\Programs\MiKTeX\tex/latex/graphics\mathcolor.ltx)
Package xcolor Info: Model `cmy' substituted by `cmy0' on input line 1349.
Package xcolor Info: Model `hsb' substituted by `rgb' on input line 1353.
Package xcolor Info: Model `RGB' extended on input line 1365.
Package xcolor Info: Model `HTML' substituted by `rgb' on input line 1367.
Package xcolor Info: Model `Hsb' substituted by `hsb' on input line 1368.
Package xcolor Info: Model `tHsb' substituted by `hsb' on input line 1369.
Package xcolor Info: Model `HSB' substituted by `hsb' on input line 1370.
Package xcolor Info: Model `Gray' substituted by `gray' on input line 1371.
Package xcolor Info: Model `wave' substituted by `hsb' on input line 1372.
) (C:\Users\cristianf\AppData\Local\Programs\MiKTeX\tex/latex/graphics\dvipsnam.def
File: dvipsnam.def 2016/06/17 v3.0m Driver-dependent file (DPC,SPQR)
) (C:\Users\cristianf\AppData\Local\Programs\MiKTeX\tex/latex/l3backend\l3backend-pdftex.def
File: l3backend-pdftex.def 2025-06-09 L3 backend support: PDF output (pdfTeX)
\l__color_backend_stack_int=\count289
) (practica5.aux
LaTeX Info: Redefining \. on input line 9.
LaTeX Info: Redefining \% on input line 9.
Package babel Info: 'spanish' activates 'spanish' shorthands.
(babel)             Reported on input line 9.
)
\openout1 = `practica5.aux'.

LaTeX Font Info:    Checking defaults for OML/cmm/m/it on input line 25.
LaTeX Font Info:    ... okay on input line 25.
LaTeX Font Info:    Checking defaults for OMS/cmsy/m/n on input line 25.
LaTeX Font Info:    ... okay on input line 25.
LaTeX Font Info:    Checking defaults for OT1/cmr/m/n on input line 25.
LaTeX Font Info:    ... okay on input line 25.
LaTeX Font Info:    Checking defaults for T1/cmr/m/n on input line 25.
LaTeX Font Info:    ... okay on input line 25.
LaTeX Font Info:    Checking defaults for TS1/cmr/m/n on input line 25.
LaTeX Font Info:    ... okay on input line 25.
LaTeX Font Info:    Checking defaults for OMX/cmex/m/n on input line 25.
LaTeX Font Info:    ... okay on input line 25.
LaTeX Font Info:    Checking defaults for U/cmr/m/n on input line 25.
LaTeX Font Info:    ... okay on input line 25.
LaTeX Info: Redefining \. on input line 25.
LaTeX Info: Redefining \% on input line 25.
 (C:\Users\cristianf\AppData\Local\Programs\MiKTeX\tex/context/base/mkii\supp-pdf.mkii
[Loading MPS to PDF converter (version 2006.09.02).]
\scratchcounter=\count290
\scratchdimen=\dimen162
\scratchbox=\box55
\nofMPsegments=\count291
\nofMParguments=\count292
\everyMPshowfont=\toks23
\MPscratchCnt=\count293
\MPscratchDim=\dimen163
\MPnumerator=\count294
\makeMPintoPDFobject=\count295
\everyMPtoPDFconversion=\toks24
) (C:\Users\cristianf\AppData\Local\Programs\MiKTeX\tex/latex/epstopdf-pkg\epstopdf-base.sty
Package: epstopdf-base 2020-01-24 v2.11 Base part for package epstopdf
Package epstopdf-base Info: Redefining graphics rule for `.eps' on input line 485.
 (C:\Users\cristianf\AppData\Local\Programs\MiKTeX\tex/latex/00miktex\epstopdf-sys.cfg
File: epstopdf-sys.cfg 2021/03/18 v2.0 Configuration of epstopdf for MiKTeX
))
*geometry* driver: auto-detecting
*geometry* detected driver: pdftex
*geometry* verbose mode - [ preamble ] result:
* driver: pdftex
* paper: a4paper
* layout: <same size as paper>
* layoutoffset:(h,v)=(0.0pt,0.0pt)
* modes: 
* h-part:(L,W,R)=(71.13188pt, 455.24411pt, 71.13188pt)
* v-part:(T,H,B)=(71.13188pt, 702.78308pt, 71.13188pt)
* \paperwidth=597.50787pt
* \paperheight=845.04684pt
* \textwidth=455.24411pt
* \textheight=702.78308pt
* \oddsidemargin=-1.1381pt
* \evensidemargin=-1.1381pt
* \topmargin=-38.1381pt
* \headheight=12.0pt
* \headsep=25.0pt
* \topskip=12.0pt
* \footskip=30.0pt
* \marginparwidth=35.0pt
* \marginparsep=10.0pt
* \columnsep=10.0pt
* \skip\footins=10.8pt plus 4.0pt minus 2.0pt
* \hoffset=0.0pt
* \voffset=0.0pt
* \mag=1000
* \@twocolumnfalse
* \@twosidefalse
* \@mparswitchfalse
* \@reversemarginfalse
* (1in=72.27pt=25.4mm, 1cm=28.453pt)

LaTeX Font Info:    External font `cmex10' loaded for size
(Font)              <14.4> on input line 26.
LaTeX Font Info:    External font `cmex10' loaded for size
(Font)              <7> on input line 26.


[1

{C:/Users/cristianf/AppData/Local/MiKTeX/fonts/map/pdftex/pdftex.map}]
Underfull \hbox (badness 10000) in paragraph at lines 29--30

 []

(practica5.toc
LaTeX Info: Redefining \. on input line 1.
LaTeX Info: Redefining \% on input line 1.
LaTeX Font Info:    External font `cmex10' loaded for size
(Font)              <12> on input line 4.
LaTeX Font Info:    External font `cmex10' loaded for size
(Font)              <8> on input line 4.
LaTeX Font Info:    External font `cmex10' loaded for size
(Font)              <6> on input line 4.
)
\tf@toc=\write3
\openout3 = `practica5.toc'.



[1]
Underfull \hbox (badness 10000) in paragraph at lines 66--68

 []



[2]
LaTeX Font Info:    Trying to load font information for OML+cmr on input line 75.
 (C:\Users\cristianf\AppData\Local\Programs\MiKTeX\tex/latex/base\omlcmr.fd
File: omlcmr.fd 2024/11/19 v2.5n Standard LaTeX font definitions
)
LaTeX Font Info:    Font shape `OML/cmr/m/n' in size <12> not available
(Font)              Font shape `OML/cmm/m/it' tried instead on input line 75.
<./capturas/01.png, id=18, 996.72375pt x 686.565pt>
File: ./capturas/01.png Graphic file (type png)
<use ./capturas/01.png>
Package pdftex.def Info: ./capturas/01.png  used on input line 78.
(pdftex.def)             Requested size: 455.24411pt x 313.58183pt.

Underfull \hbox (badness 10000) in paragraph at lines 72--81

 []



[3 <./capturas/01.png>]
<./capturas/02.png, id=25, 592.46344pt x 173.14688pt>
File: ./capturas/02.png Graphic file (type png)
<use ./capturas/02.png>
Package pdftex.def Info: ./capturas/02.png  used on input line 85.
(pdftex.def)             Requested size: 318.66948pt x 93.13332pt.
<./capturas/03.png, id=26, 609.02531pt x 541.27219pt>
File: ./capturas/03.png Graphic file (type png)
<use ./capturas/03.png>
Package pdftex.def Info: ./capturas/03.png  used on input line 91.
(pdftex.def)             Requested size: 318.66948pt x 283.22235pt.

Underfull \hbox (badness 10000) in paragraph at lines 82--93

 []



[4 <./capturas/02.png> <./capturas/03.png>]
<./capturas/04.png, id=32, 570.63188pt x 197.98969pt>
File: ./capturas/04.png Graphic file (type png)
<use ./capturas/04.png>
Package pdftex.def Info: ./capturas/04.png  used on input line 97.
(pdftex.def)             Requested size: 318.66948pt x 110.56833pt.
<./capturas/05.png, id=33, 758.08218pt x 512.66531pt>
File: ./capturas/05.png Graphic file (type png)
<use ./capturas/05.png>
Package pdftex.def Info: ./capturas/05.png  used on input line 103.
(pdftex.def)             Requested size: 409.71692pt x 277.07764pt.

Underfull \hbox (badness 10000) in paragraph at lines 94--106

 []



[5 <./capturas/04.png> <./capturas/05.png>]
<./capturas/06.png, id=39, 612.03656pt x 135.50626pt>
File: ./capturas/06.png Graphic file (type png)
<use ./capturas/06.png>
Package pdftex.def Info: ./capturas/06.png  used on input line 111.
(pdftex.def)             Requested size: 455.24411pt x 100.79202pt.
<./capturas/07.png, id=40, 529.98pt x 124.21407pt>
File: ./capturas/07.png Graphic file (type png)
<use ./capturas/07.png>
Package pdftex.def Info: ./capturas/07.png  used on input line 116.
(pdftex.def)             Requested size: 455.24411pt x 106.69879pt.
<./capturas/08.png, id=41, 548.80031pt x 175.40532pt>
File: ./capturas/08.png Graphic file (type png)
<use ./capturas/08.png>
Package pdftex.def Info: ./capturas/08.png  used on input line 122.
(pdftex.def)             Requested size: 455.24411pt x 145.50607pt.


[6 <./capturas/06.png> <./capturas/07.png> <./capturas/08.png>]
<./capturas/09.png, id=49, 781.41937pt x 534.49687pt>
File: ./capturas/09.png Graphic file (type png)
<use ./capturas/09.png>
Package pdftex.def Info: ./capturas/09.png  used on input line 128.
(pdftex.def)             Requested size: 455.24411pt x 311.39487pt.

Underfull \hbox (badness 10000) in paragraph at lines 125--132

 []


Underfull \hbox (badness 10000) in paragraph at lines 125--132

 []


Underfull \hbox (badness 10000) in paragraph at lines 125--132

 []



[7 <./capturas/09.png>]
<./capturas/10.png, id=54, 782.17218pt x 584.1825pt>
File: ./capturas/10.png Graphic file (type png)
<use ./capturas/10.png>
Package pdftex.def Info: ./capturas/10.png  used on input line 136.
(pdftex.def)             Requested size: 455.24411pt x 340.01163pt.

Underfull \hbox (badness 10000) in paragraph at lines 133--139

 []


Underfull \hbox (badness 10000) in paragraph at lines 133--139

 []



[8 <./capturas/10.png>]
<./capturas/11.png, id=59, 773.13844pt x 502.12593pt>
File: ./capturas/11.png Graphic file (type png)
<use ./capturas/11.png>
Package pdftex.def Info: ./capturas/11.png  used on input line 143.
(pdftex.def)             Requested size: 455.24411pt x 295.66177pt.

Underfull \hbox (badness 10000) in paragraph at lines 140--150

 []


Underfull \hbox (badness 10000) in paragraph at lines 140--150

 []


Underfull \hbox (badness 10000) in paragraph at lines 140--150

 []


Underfull \hbox (badness 10000) in paragraph at lines 140--150

 []


Underfull \hbox (badness 10000) in paragraph at lines 140--150

 []



[9 <./capturas/11.png>]
<./capturas/12.png, id=64, 705.38531pt x 357.58594pt>
File: ./capturas/12.png Graphic file (type png)
<use ./capturas/12.png>
Package pdftex.def Info: ./capturas/12.png  used on input line 153.
(pdftex.def)             Requested size: 455.24411pt x 230.78029pt.
<./capturas/13.png, id=65, 709.14937pt x 540.51938pt>
File: ./capturas/13.png Graphic file (type png)
<use ./capturas/13.png>
Package pdftex.def Info: ./capturas/13.png  used on input line 158.
(pdftex.def)             Requested size: 455.24411pt x 346.99516pt.


[10 <./capturas/12.png> <./capturas/13.png>]
<./capturas/14.png, id=71, 560.8453pt x 582.67688pt>
File: ./capturas/14.png Graphic file (type png)
<use ./capturas/14.png>
Package pdftex.def Info: ./capturas/14.png  used on input line 174.
(pdftex.def)             Requested size: 364.19667pt x 378.37096pt.

Underfull \hbox (badness 10000) in paragraph at lines 169--177

 []



[11 <./capturas/14.png>]
<./capturas/15.png, id=76, 825.0825pt x 498.36188pt>
File: ./capturas/15.png Graphic file (type png)
<use ./capturas/15.png>
Package pdftex.def Info: ./capturas/15.png  used on input line 184.
(pdftex.def)             Requested size: 409.71692pt x 247.47694pt.
<./capturas/16.png, id=77, 833.36343pt x 399.74344pt>
File: ./capturas/16.png Graphic file (type png)
<use ./capturas/16.png>
Package pdftex.def Info: ./capturas/16.png  used on input line 189.
(pdftex.def)             Requested size: 409.71692pt x 196.53474pt.


[12 <./capturas/15.png> <./capturas/16.png>]
<./capturas/17.png, id=84, 624.08156pt x 352.31625pt>
File: ./capturas/17.png Graphic file (type png)
<use ./capturas/17.png>
Package pdftex.def Info: ./capturas/17.png  used on input line 196.
(pdftex.def)             Requested size: 409.71692pt x 231.30373pt.
<./capturas/18.png, id=85, 624.08156pt x 293.59688pt>
File: ./capturas/18.png Graphic file (type png)
<use ./capturas/18.png>
Package pdftex.def Info: ./capturas/18.png  used on input line 202.
(pdftex.def)             Requested size: 409.71692pt x 192.7531pt.


[13 <./capturas/17.png> <./capturas/18.png>]
<./capturas/19.png, id=91, 718.18312pt x 431.36156pt>
File: ./capturas/19.png Graphic file (type png)
<use ./capturas/19.png>
Package pdftex.def Info: ./capturas/19.png  used on input line 209.
(pdftex.def)             Requested size: 409.71692pt x 246.09584pt.
<./capturas/20.png, id=92, 717.43031pt x 354.57469pt>
File: ./capturas/20.png Graphic file (type png)
<use ./capturas/20.png>
Package pdftex.def Info: ./capturas/20.png  used on input line 215.
(pdftex.def)             Requested size: 409.71692pt x 202.49922pt.


[14 <./capturas/19.png> <./capturas/20.png>]
<./capturas/21.png, id=98, 718.18312pt x 437.38406pt>
File: ./capturas/21.png Graphic file (type png)
<use ./capturas/21.png>
Package pdftex.def Info: ./capturas/21.png  used on input line 222.
(pdftex.def)             Requested size: 409.71692pt x 249.53174pt.
<./capturas/22.png, id=99, 718.18312pt x 295.1025pt>
File: ./capturas/22.png Graphic file (type png)
<use ./capturas/22.png>
Package pdftex.def Info: ./capturas/22.png  used on input line 228.
(pdftex.def)             Requested size: 409.71692pt x 168.35875pt.


[15 <./capturas/21.png> <./capturas/22.png>]
<./capturas/23.png, id=105, 718.93594pt x 602.25pt>
File: ./capturas/23.png Graphic file (type png)
<use ./capturas/23.png>
Package pdftex.def Info: ./capturas/23.png  used on input line 235.
(pdftex.def)             Requested size: 409.71692pt x 343.23093pt.


[16 <./capturas/23.png>]
<./capturas/24.png, id=110, 828.09375pt x 478.03593pt>
File: ./capturas/24.png Graphic file (type png)
<use ./capturas/24.png>
Package pdftex.def Info: ./capturas/24.png  used on input line 248.
(pdftex.def)             Requested size: 409.71692pt x 236.52275pt.
<./capturas/25.png, id=111, 715.92468pt x 88.07906pt>
File: ./capturas/25.png Graphic file (type png)
<use ./capturas/25.png>
Package pdftex.def Info: ./capturas/25.png  used on input line 253.
(pdftex.def)             Requested size: 455.24411pt x 56.00887pt.

Underfull \hbox (badness 10000) in paragraph at lines 241--256

 []



[17 <./capturas/24.png> <./capturas/25.png>]
<./capturas/26.png, id=117, 866.48718pt x 572.1375pt>
File: ./capturas/26.png Graphic file (type png)
<use ./capturas/26.png>
Package pdftex.def Info: ./capturas/26.png  used on input line 260.
(pdftex.def)             Requested size: 455.24411pt x 300.59492pt.
<./capturas/27.png, id=118, 564.60938pt x 69.25874pt>
File: ./capturas/27.png Graphic file (type png)
<use ./capturas/27.png>
Package pdftex.def Info: ./capturas/27.png  used on input line 265.
(pdftex.def)             Requested size: 455.24411pt x 55.84457pt.

Underfull \hbox (badness 10000) in paragraph at lines 257--268

 []



[18 <./capturas/26.png> <./capturas/27.png>]
<./capturas/28.png, id=125, 715.17188pt x 435.12563pt>
File: ./capturas/28.png Graphic file (type png)
<use ./capturas/28.png>
Package pdftex.def Info: ./capturas/28.png  used on input line 273.
(pdftex.def)             Requested size: 455.24411pt x 276.97893pt.
<./capturas/29.png, id=126, 492.33937pt x 69.25874pt>
File: ./capturas/29.png Graphic file (type png)
<use ./capturas/29.png>
Package pdftex.def Info: ./capturas/29.png  used on input line 279.
(pdftex.def)             Requested size: 455.24411pt x 64.04324pt.


[19 <./capturas/28.png> <./capturas/29.png>]
<./capturas/30.png, id=132, 718.18312pt x 598.48593pt>
File: ./capturas/30.png Graphic file (type png)
<use ./capturas/30.png>
Package pdftex.def Info: ./capturas/30.png  used on input line 287.
(pdftex.def)             Requested size: 455.24411pt x 379.37683pt.

Underfull \hbox (badness 10000) in paragraph at lines 283--291

 []


Underfull \hbox (badness 10000) in paragraph at lines 283--291

 []



[20 <./capturas/30.png>]
<./capturas/31.png, id=137, 644.4075pt x 644.4075pt>
File: ./capturas/31.png Graphic file (type png)
<use ./capturas/31.png>
Package pdftex.def Info: ./capturas/31.png  used on input line 300.
(pdftex.def)             Requested size: 455.24411pt x 455.26114pt.

Underfull \hbox (badness 10000) in paragraph at lines 294--302

 []



[21 <./capturas/31.png>]
<./capturas/32.png, id=142, 889.07156pt x 657.95813pt>
File: ./capturas/32.png Graphic file (type png)
<use ./capturas/32.png>
Package pdftex.def Info: ./capturas/32.png  used on input line 308.
(pdftex.def)             Requested size: 455.24411pt x 336.89952pt.


[22 <./capturas/32.png>]
<./capturas/33.png, id=147, 944.7797pt x 402.00188pt>
File: ./capturas/33.png Graphic file (type png)
<use ./capturas/33.png>
Package pdftex.def Info: ./capturas/33.png  used on input line 319.
(pdftex.def)             Requested size: 455.24411pt x 193.70705pt.
<./capturas/34.png, id=148, 860.46469pt x 396.7322pt>
File: ./capturas/34.png Graphic file (type png)
<use ./capturas/34.png>
Package pdftex.def Info: ./capturas/34.png  used on input line 325.
(pdftex.def)             Requested size: 455.24411pt x 209.90384pt.


[23 <./capturas/33.png> <./capturas/34.png>]
<./capturas/35.png, id=154, 1007.26312pt x 414.04688pt>
File: ./capturas/35.png Graphic file (type png)
<use ./capturas/35.png>
Package pdftex.def Info: ./capturas/35.png  used on input line 331.
(pdftex.def)             Requested size: 455.24411pt x 187.13437pt.
<./capturas/36.png, id=155, 987.69pt x 394.47375pt>
File: ./capturas/36.png Graphic file (type png)
<use ./capturas/36.png>
Package pdftex.def Info: ./capturas/36.png  used on input line 337.
(pdftex.def)             Requested size: 455.24411pt x 181.81525pt.

Overfull \hbox (14.68573pt too wide) in paragraph at lines 334--342
\OT1/cmr/m/n/12 S^^Solo nos fal-ta com-pro-bar si fun-cio-na. Ca-be re-cor-dar que $[]$
 []



[24 <./capturas/35.png> <./capturas/36.png>]
<./capturas/37.png, id=162, 714.41907pt x 354.57469pt>
File: ./capturas/37.png Graphic file (type png)
<use ./capturas/37.png>
Package pdftex.def Info: ./capturas/37.png  used on input line 345.
(pdftex.def)             Requested size: 364.19667pt x 180.75494pt.
<./capturas/38.png, id=163, 718.18312pt x 236.38312pt>
File: ./capturas/38.png Graphic file (type png)
<use ./capturas/38.png>
Package pdftex.def Info: ./capturas/38.png  used on input line 350.
(pdftex.def)             Requested size: 364.19667pt x 119.87569pt.
<./capturas/39.png, id=164, 711.4078pt x 383.93437pt>
File: ./capturas/39.png Graphic file (type png)
<use ./capturas/39.png>
Package pdftex.def Info: ./capturas/39.png  used on input line 355.
(pdftex.def)             Requested size: 409.71692pt x 221.12376pt.


[25 <./capturas/37.png> <./capturas/38.png> <./capturas/39.png>]
<./capturas/40.png, id=171, 718.18312pt x 289.08pt>
File: ./capturas/40.png Graphic file (type png)
<use ./capturas/40.png>
Package pdftex.def Info: ./capturas/40.png  used on input line 362.
(pdftex.def)             Requested size: 409.71692pt x 164.92287pt.
<./capturas/41.png, id=172, 1169.87062pt x 651.93562pt>
File: ./capturas/41.png Graphic file (type png)
<use ./capturas/41.png>
Package pdftex.def Info: ./capturas/41.png  used on input line 366.
(pdftex.def)             Requested size: 455.24411pt x 253.6968pt.

Underfull \hbox (badness 10000) in paragraph at lines 359--371

 []



[26 <./capturas/40.png> <./capturas/41.png>]
<./capturas/46.png, id=178, 620.3175pt x 231.86626pt>
File: ./capturas/46.png Graphic file (type png)
<use ./capturas/46.png>
Package pdftex.def Info: ./capturas/46.png  used on input line 382.
(pdftex.def)             Requested size: 455.24411pt x 170.16313pt.
<./capturas/47.png, id=179, 771.63281pt x 271.0125pt>
File: ./capturas/47.png Graphic file (type png)
<use ./capturas/47.png>
Package pdftex.def Info: ./capturas/47.png  used on input line 386.
(pdftex.def)             Requested size: 455.24411pt x 159.88771pt.

Underfull \hbox (badness 10000) in paragraph at lines 374--389

 []


Underfull \hbox (badness 10000) in paragraph at lines 374--389

 []



[27 <./capturas/46.png> <./capturas/47.png>]
<./capturas/48.png, id=185, 531.48563pt x 230.36063pt>
File: ./capturas/48.png Graphic file (type png)
<use ./capturas/48.png>
Package pdftex.def Info: ./capturas/48.png  used on input line 392.
(pdftex.def)             Requested size: 455.24411pt x 197.3189pt.
<./capturas/49.png, id=186, 799.48688pt x 472.76625pt>
File: ./capturas/49.png Graphic file (type png)
<use ./capturas/49.png>
Package pdftex.def Info: ./capturas/49.png  used on input line 396.
(pdftex.def)             Requested size: 455.24411pt x 269.20543pt.
<./capturas/50.png, id=187, 840.89156pt x 213.04594pt>
File: ./capturas/50.png Graphic file (type png)
<use ./capturas/50.png>
Package pdftex.def Info: ./capturas/50.png  used on input line 401.
(pdftex.def)             Requested size: 455.24411pt x 115.33891pt.


[28 <./capturas/48.png> <./capturas/49.png> <./capturas/50.png>]
<./capturas/51.png, id=194, 697.10437pt x 532.99126pt>
File: ./capturas/51.png Graphic file (type png)
<use ./capturas/51.png>
Package pdftex.def Info: ./capturas/51.png  used on input line 408.
(pdftex.def)             Requested size: 455.24411pt x 348.06677pt.
<./capturas/52.png, id=195, 314.67563pt x 124.96687pt>
File: ./capturas/52.png Graphic file (type png)
<use ./capturas/52.png>
Package pdftex.def Info: ./capturas/52.png  used on input line 414.
(pdftex.def)             Requested size: 273.14923pt x 108.48004pt.


[29 <./capturas/51.png> <./capturas/52.png>]
<./capturas/53.png, id=201, 807.015pt x 685.8122pt>
File: ./capturas/53.png Graphic file (type png)
<use ./capturas/53.png>
Package pdftex.def Info: ./capturas/53.png  used on input line 420.
(pdftex.def)             Requested size: 455.24411pt x 386.87767pt.

Underfull \hbox (badness 10000) in paragraph at lines 417--425

 []



[30 <./capturas/53.png>]
<./capturas/54.png, id=207, 700.11563pt x 549.55313pt>
File: ./capturas/54.png Graphic file (type png)
<use ./capturas/54.png>
Package pdftex.def Info: ./capturas/54.png  used on input line 428.
(pdftex.def)             Requested size: 364.19667pt x 285.87828pt.
<./capturas/55.png, id=208, 703.87968pt x 591.71063pt>
File: ./capturas/55.png Graphic file (type png)
<use ./capturas/55.png>
Package pdftex.def Info: ./capturas/55.png  used on input line 433.
(pdftex.def)             Requested size: 364.19667pt x 306.1564pt.


[31 <./capturas/54.png> <./capturas/55.png>]
<./capturas/56.png, id=214, 743.77875pt x 243.91125pt>
File: ./capturas/56.png Graphic file (type png)
<use ./capturas/56.png>
Package pdftex.def Info: ./capturas/56.png  used on input line 442.
(pdftex.def)             Requested size: 409.71692pt x 134.36374pt.
<./capturas/57.png, id=215, 705.38531pt x 212.29312pt>
File: ./capturas/57.png Graphic file (type png)
<use ./capturas/57.png>
Package pdftex.def Info: ./capturas/57.png  used on input line 448.
(pdftex.def)             Requested size: 409.71692pt x 123.30826pt.


[32 <./capturas/56.png> <./capturas/57.png>]
<./capturas/58.png, id=221, 707.64375pt x 701.62125pt>
File: ./capturas/58.png Graphic file (type png)
<use ./capturas/58.png>
Package pdftex.def Info: ./capturas/58.png  used on input line 454.
(pdftex.def)             Requested size: 318.66948pt x 315.96216pt.
<./capturas/59.png, id=222, 706.13812pt x 702.37407pt>
File: ./capturas/59.png Graphic file (type png)
<use ./capturas/59.png>
Package pdftex.def Info: ./capturas/59.png  used on input line 458.
(pdftex.def)             Requested size: 318.66948pt x 316.96567pt.


[33 <./capturas/58.png> <./capturas/59.png>]
<./capturas/60.png, id=228, 706.13812pt x 702.37407pt>
File: ./capturas/60.png Graphic file (type png)
<use ./capturas/60.png>
Package pdftex.def Info: ./capturas/60.png  used on input line 463.
(pdftex.def)             Requested size: 455.24411pt x 452.81882pt.

Underfull \hbox (badness 10000) in paragraph at lines 465--468

 []



[34 <./capturas/60.png>]
Underfull \hbox (badness 10000) in paragraph at lines 471--472

 []


Underfull \hbox (badness 10000) in paragraph at lines 482--487

 []


Underfull \hbox (badness 10000) in paragraph at lines 482--487

 []



[35]
Underfull \hbox (badness 10000) in paragraph at lines 490--493

 []



[36]
Overfull \hbox (9.17166pt too wide) in paragraph at lines 503--503
[]\OT1/cmr/bx/n/17.28 Actividad 04 { Ge-ne-ra-ci^^Son im^^Sage-nes alea-to-rias Web
 []

<./capturas/42.png, id=240, 710.655pt x 270.25969pt>
File: ./capturas/42.png Graphic file (type png)
<use ./capturas/42.png>
Package pdftex.def Info: ./capturas/42.png  used on input line 516.
(pdftex.def)             Requested size: 455.24411pt x 173.13055pt.


[37 <./capturas/42.png>]
<./capturas/43.png, id=245, 719.68875pt x 636.87938pt>
File: ./capturas/43.png Graphic file (type png)
<use ./capturas/43.png>
Package pdftex.def Info: ./capturas/43.png  used on input line 525.
(pdftex.def)             Requested size: 455.24411pt x 402.87846pt.

Underfull \hbox (badness 10000) in paragraph at lines 527--534

 []



[38 <./capturas/43.png>]
<./capturas/44.png, id=250, 654.19406pt x 688.82344pt>
File: ./capturas/44.png Graphic file (type png)
<use ./capturas/44.png>
Package pdftex.def Info: ./capturas/44.png  used on input line 537.
(pdftex.def)             Requested size: 455.24411pt x 479.34578pt.


[39 <./capturas/44.png>]
<./capturas/45.png, id=255, 438.8897pt x 493.845pt>
File: ./capturas/45.png Graphic file (type png)
<use ./capturas/45.png>
Package pdftex.def Info: ./capturas/45.png  used on input line 548.
(pdftex.def)             Requested size: 409.71692pt x 461.02686pt.


[40 <./capturas/45.png>] (practica5.aux
LaTeX Info: Redefining \. on input line 9.
LaTeX Info: Redefining \% on input line 9.
)
 ***********
LaTeX2e <2025-06-01> patch level 1
L3 programming layer <2025-09-02>
 ***********
 ) 
Here is how much of TeX's memory you used:
 5516 strings out of 468130
 96894 string characters out of 5428697
 540930 words of memory out of 5000000
 34090 multiletter control sequences out of 15000+600000
 633702 words of font info for 62 fonts, out of 8000000 for 9000
 1141 hyphenation exceptions out of 8191
 108i,7n,107p,368b,370s stack positions out of 10000i,1000n,20000p,200000b,200000s
 <C:\Users\cristianf\AppData\Local\MiKTeX\fonts/pk/ljfour/jknappen/ec/dpi600\tcrm1200.pk><C:/Users/cristianf/AppData/Local/Programs/MiKTeX/fonts/type1/public/amsfonts/cm/cmbx12.pfb><C:/Users/cristianf/AppData/Local/Programs/MiKTeX/fonts/type1/public/amsfonts/cm/cmbxti10.pfb><C:/Users/cristianf/AppData/Local/Programs/MiKTeX/fonts/type1/public/amsfonts/cm/cmmi12.pfb><C:/Users/cristianf/AppData/Local/Programs/MiKTeX/fonts/type1/public/amsfonts/cm/cmr12.pfb><C:/Users/cristianf/AppData/Local/Programs/MiKTeX/fonts/type1/public/amsfonts/cm/cmr17.pfb><C:/Users/cristianf/AppData/Local/Programs/MiKTeX/fonts/type1/public/amsfonts/cm/cmsy10.pfb><C:/Users/cristianf/AppData/Local/Programs/MiKTeX/fonts/type1/public/amsfonts/cm/cmti12.pfb>
Output written on practica5.pdf (41 pages, 2897148 bytes).
PDF statistics:
 296 PDF objects out of 1000 (max. 8388607)
 0 named destinations out of 1000 (max. 500000)
 301 words of extra memory for PDF output out of 10000 (max. 10000000)

